<?xml version='1.0' encoding='UTF-8'?>
<!DOCTYPE coverage SYSTEM 'http://cobertura.sourceforge.net/xml/coverage-04.dtd'>
<coverage line-rate="0.25" branch-rate="1.0" lines-covered="3" lines-valid="12" branches-covered="0" branches-valid="0" complexity="0.0" timestamp="1771271615" version="gcovr 7.0"><sources><source>.</source></sources><packages><package name="build-coverage.CMakeFiles.3.31.6.CompilerIdCXX" line-rate="0.0" branch-rate="1.0" complexity="0.0"><classes><class name="CMakeCXXCompilerId_cpp" filename="build-coverage/CMakeFiles/3.31.6/CompilerIdCXX/CMakeCXXCompilerId.cpp" line-rate="0.0" branch-rate="1.0" complexity="0.0"><methods/><lines><line number="894" hits="0" branch="false"/><line number="896" hits="0" branch="false"/><line number="897" hits="0" branch="false"/><line number="898" hits="0" branch="false"/><line number="899" hits="0" branch="false"/><line number="901" hits="0" branch="false"/><line number="915" hits="0" branch="false"/><line number="916" hits="0" branch="false"/><line number="918" hits="0" branch="false"/></lines></class></classes></package><package name="src" line-rate="1.0" branch-rate="1.0" complexity="0.0"><classes><class name="main_cpp" filename="src/main.cpp" line-rate="1.0" branch-rate="1.0" complexity="0.0"><methods/><lines><line number="3" hits="1" branch="false"/><line number="4" hits="1" branch="false"/><line number="5" hits="1" branch="false"/></lines></class></classes></package></packages></coverage>